*----------------------------------------------------------------------------------------
*	Encounter 11.10-p003_1 (64bit) 12/06/2011 08:21 (Linux 2.6)
*	
*
* 	Date & Time:	2013-Jun-09 22:29:25 (2013-Jun-10 05:29:25 GMT)
*
*----------------------------------------------------------------------------------------
*
*	Design: sensor
*
*	Liberty Libraries used: 
*	        /nfs/guille/a1/cadlibs/synop_lib/SAED_EDK90nm/Digital_Standard_Cell_Library/synopsys/models/saed90nm_max.lib
*
*	Power Domain used: 
*
*       Power View : my_analysis_view_setup
*
*       User-Defined Activity : N.A.
*
*       Activity File: N.A.
*
*       Hierarchical Global Activity: N.A.
*
*       Global Activity: N.A.
*
*       Sequential Element Activity: N.A.
*
*       Clock Gates Output Activity: N.A.
*
*       Clock Gates Enable Activity: N.A.
*
*       Primary Input Activity: 0.200000
*
*	Power Units = 1mW
*
*	Time Units = 1e-09 secs 
*
*       Temperature = -40 
*
*       report_power -outfile ../reports/sensor.rpt -rail_analysis_format VS
*
-----------------------------------------------------------------------------------------
Cell                            Internal   Switching       Total     Leakage   Cell
                                   Power       Power       Power       Power   Name
--------------------------------------------------------------------------------------
shift_register_sm0/state_reg[1]   0.003509     0.00159    0.005265   0.0001656  DFFARX1
shift_register_sm0/state_reg[3]   0.003435     0.00148    0.005076   0.0001621  DFFARX1
shift_register_sm0/state_reg[2]    0.00369    0.001219    0.005074   0.0001646  DFFARX1
shift_register_sm0/state_reg[0]   0.002663    0.001683    0.004522   0.0001762  DFFASX1
counter_sm0/state_reg[0]        0.002666    0.000978    0.003819   0.0001745  DFFASX1
counter_sm0/state_reg[1]        0.002875   0.0006425    0.003685   0.0001669  DFFARX1
shift_register_sm0/fifo_rd_reg    0.00342   9.164e-05    0.003674   0.0001624  DFFARX1
counter_sm0/restart_reg         0.002879   0.0005622    0.003607   0.0001661  DFFX1
counter_sm0/restart_mem_reg     0.003054   0.0002408    0.003459    0.000164  DFFX1
divider_even0/rout_reg           0.00271   0.0004317    0.003306   0.0001646  DFFX1
counter_sm0/state_reg[2]        0.002497   0.0003678    0.003036   0.0001721  DFFARX1
shift_register0/out_reg          0.00234   0.0002079    0.002718   0.0001696  DFFARX1
shift_register0/shift_register_reg[30]   0.002303   0.0001411    0.002615   0.0001702  DFFARX1
shift_register0/shift_register_reg[12]   0.002304   0.0001342    0.002608   0.0001703  DFFARX1
shift_register0/shift_register_reg[24]   0.002308   0.0001263    0.002605   0.0001703  DFFARX1
shift_register0/shift_register_reg[9]   0.002302   0.0001279      0.0026   0.0001703  DFFARX1
shift_register0/shift_register_reg[6]   0.002307   0.0001202    0.002598   0.0001703  DFFARX1
shift_register0/shift_register_reg[8]     0.0023   0.0001177    0.002588   0.0001703  DFFARX1
shift_register0/shiftnextbit_reg   0.002333   7.575e-05    0.002585   0.0001763  DFFARX1
shift_register0/shift_register_reg[13]   0.002299   0.0001111     0.00258   0.0001703  DFFARX1
shift_register0/shift_register_reg[21]   0.002304   0.0001027    0.002577   0.0001703  DFFARX1
shift_register0/shift_register_reg[27]   0.002303   9.898e-05    0.002572   0.0001703  DFFARX1
shift_register0/shift_register_reg[19]   0.002302   9.717e-05     0.00257   0.0001703  DFFARX1
shift_register0/shift_register_reg[5]   0.002301   8.948e-05    0.002561   0.0001703  DFFARX1
shift_register0/shift_register_reg[22]   0.002302   8.795e-05     0.00256   0.0001703  DFFARX1
shift_register0/shift_register_reg[29]     0.0023   8.778e-05    0.002558   0.0001703  DFFARX1
shift_register0/shift_register_reg[18]   0.002301   8.476e-05    0.002556   0.0001703  DFFARX1
shift_register0/shift_register_reg[28]   0.002301   8.368e-05    0.002555   0.0001703  DFFARX1
shift_register0/shift_register_reg[1]     0.0023   8.337e-05    0.002554   0.0001703  DFFARX1
shift_register0/shift_register_reg[20]   0.002301   8.215e-05    0.002553   0.0001703  DFFARX1
shift_register0/shift_register_reg[14]   0.002295   8.749e-05    0.002552   0.0001703  DFFARX1
shift_register0/shift_register_reg[23]   0.002301    8.09e-05    0.002552   0.0001703  DFFARX1
shift_register0/shift_register_reg[26]   0.002301   8.094e-05    0.002552   0.0001703  DFFARX1
shift_register0/shift_register_reg[0]     0.0023    8.19e-05    0.002552   0.0001703  DFFARX1
shift_register0/shift_register_reg[16]   0.002301   8.065e-05    0.002552   0.0001703  DFFARX1
shift_register0/shift_register_reg[25]     0.0023   8.061e-05    0.002551   0.0001703  DFFARX1
shift_register0/shift_register_reg[17]     0.0023   7.954e-05     0.00255   0.0001703  DFFARX1
shift_register0/shift_register_reg[7]   0.002299   7.835e-05    0.002548   0.0001703  DFFARX1
shift_register0/shift_register_reg[4]   0.002299   7.767e-05    0.002547   0.0001703  DFFARX1
shift_register0/shift_register_reg[2]     0.0023   7.721e-05    0.002547   0.0001703  DFFARX1
shift_register0/shift_register_reg[10]   0.002293   7.736e-05    0.002541   0.0001703  DFFARX1
shift_register0/shift_register_reg[3]   0.002299   7.107e-05    0.002541   0.0001703  DFFARX1
shift_register_sm0/shift_sr_reg   0.002263   0.0001105     0.00254    0.000167  DFFX1
shift_register0/shift_register_reg[15]   0.002292   6.786e-05     0.00253   0.0001703  DFFARX1
shift_register_sm0/data_out_reg[19]   0.002274   8.717e-05    0.002528   0.0001673  DFFX1
shift_register0/shift_register_reg[11]   0.002291   6.318e-05    0.002524   0.0001703  DFFARX1
shift_register_sm0/data_out_reg[20]   0.002273   8.368e-05    0.002524   0.0001673  DFFX1
shift_register_sm0/data_out_reg[30]   0.002271   7.875e-05    0.002517   0.0001673  DFFX1
shift_register_sm0/data_out_reg[7]   0.002271   7.667e-05    0.002515   0.0001673  DFFX1
shift_register0/shift_register_reg[31]   0.002263   8.307e-05    0.002515   0.0001687  DFFARX1
shift_register_sm0/data_out_reg[25]    0.00227   7.436e-05    0.002512   0.0001673  DFFX1
shift_register_sm0/data_out_reg[24]    0.00227   7.178e-05    0.002509   0.0001673  DFFX1
shift_register_sm0/data_out_reg[0]    0.00227   6.948e-05    0.002507   0.0001673  DFFX1
shift_register_sm0/data_out_reg[29]    0.00227   6.848e-05    0.002506   0.0001673  DFFX1
shift_register_sm0/out_reg[17]   0.002242   9.686e-05    0.002506   0.0001673  DFFX1
shift_register_sm0/data_out_reg[3]    0.00227   6.746e-05    0.002505   0.0001673  DFFX1
shift_register_sm0/data_out_reg[2]    0.00227   6.744e-05    0.002505   0.0001673  DFFX1
shift_register_sm0/data_out_reg[4]    0.00227   6.558e-05    0.002503   0.0001673  DFFX1
shift_register_sm0/data_out_reg[18]   0.002271   6.496e-05    0.002503   0.0001673  DFFX1
shift_register_sm0/data_out_reg[23]   0.002271   6.392e-05    0.002502   0.0001673  DFFX1
shift_register_sm0/data_out_reg[17]    0.00227   6.321e-05    0.002501   0.0001673  DFFX1
shift_register_sm0/data_out_reg[21]    0.00227   6.288e-05    0.002501   0.0001673  DFFX1
shift_register_sm0/data_out_reg[1]    0.00227   6.195e-05    0.002499   0.0001673  DFFX1
shift_register_sm0/data_out_reg[28]   0.002269   5.866e-05    0.002495   0.0001673  DFFX1
shift_register_sm0/data_out_reg[27]   0.002269   5.817e-05    0.002495   0.0001673  DFFX1
shift_register_sm0/data_out_reg[5]   0.002269   5.808e-05    0.002495   0.0001673  DFFX1
shift_register_sm0/data_out_reg[6]   0.002269    5.66e-05    0.002493   0.0001673  DFFX1
shift_register_sm0/data_out_reg[26]   0.002269   5.298e-05    0.002489   0.0001673  DFFX1
shift_register_sm0/data_out_reg[11]   0.002247   7.369e-05    0.002488   0.0001673  DFFX1
shift_register_sm0/data_out_reg[16]    0.00227   5.013e-05    0.002487   0.0001673  DFFX1
shift_register_sm0/data_out_reg[15]   0.002246   6.972e-05    0.002483   0.0001673  DFFX1
shift_register_sm0/data_out_reg[22]   0.002269   4.411e-05     0.00248   0.0001673  DFFX1
shift_register_sm0/data_out_reg[31]   0.002268   4.132e-05    0.002476   0.0001673  DFFX1
shift_register_sm0/data_out_reg[13]   0.002246   6.256e-05    0.002475   0.0001673  DFFX1
shift_register_sm0/out_reg[18]   0.002236   6.883e-05    0.002472   0.0001673  DFFX1
shift_register_sm0/data_out_reg[10]   0.002245   5.805e-05    0.002471   0.0001673  DFFX1
shift_register_sm0/data_out_reg[9]   0.002245   5.688e-05    0.002469   0.0001673  DFFX1
shift_register_sm0/data_out_reg[14]   0.002245   5.541e-05    0.002468   0.0001673  DFFX1
shift_register_sm0/out_reg[22]   0.002235    6.29e-05    0.002465   0.0001673  DFFX1
shift_register_sm0/out_reg[19]   0.002235   5.937e-05    0.002461   0.0001673  DFFX1
shift_register_sm0/out_reg[20]   0.002235    5.84e-05     0.00246   0.0001673  DFFX1
shift_register_sm0/out_reg[16]   0.002235   5.797e-05     0.00246   0.0001673  DFFX1
shift_register_sm0/data_out_reg[12]   0.002245   4.748e-05     0.00246   0.0001673  DFFX1
shift_register_sm0/out_reg[1]   0.002206   8.491e-05    0.002458   0.0001672  DFFX1
shift_register_sm0/out_reg[23]   0.002235   5.579e-05    0.002458   0.0001673  DFFX1
shift_register_sm0/data_out_reg[8]   0.002245    4.23e-05    0.002454   0.0001673  DFFX1
shift_register_sm0/out_reg[6]   0.002205   7.955e-05    0.002452   0.0001672  DFFX1
shift_register_sm0/out_reg[21]   0.002234   4.492e-05    0.002446   0.0001673  DFFX1
shift_register_sm0/out_reg[0]   0.002202   6.707e-05    0.002436   0.0001672  DFFX1
shift_register_sm0/out_reg[5]   0.002202   6.635e-05    0.002435   0.0001672  DFFX1
shift_register_sm0/out_reg[3]   0.002202    6.48e-05    0.002434   0.0001672  DFFX1
shift_register_sm0/out_reg[7]   0.002201   5.824e-05    0.002427   0.0001672  DFFX1
shift_register_sm0/out_reg[2]   0.002201   5.812e-05    0.002427   0.0001672  DFFX1
shift_register_sm0/out_reg[26]   0.002178   7.831e-05    0.002423   0.0001674  DFFX1
shift_register_sm0/out_reg[4]   0.002201   4.969e-05    0.002418   0.0001672  DFFX1
shift_register_sm0/out_reg[13]   0.002146   9.255e-05    0.002406   0.0001674  DFFX1
shift_register_sm0/out_reg[30]   0.002174   6.304e-05    0.002405   0.0001674  DFFX1
shift_register_sm0/out_reg[25]   0.002174   5.712e-05    0.002398   0.0001674  DFFX1
shift_register_sm0/out_reg[28]   0.002174   5.666e-05    0.002398   0.0001674  DFFX1
shift_register_sm0/out_reg[29]   0.002173   5.444e-05    0.002395   0.0001674  DFFX1
shift_register_sm0/out_reg[27]   0.002173   5.258e-05    0.002393   0.0001674  DFFX1
shift_register_sm0/out_reg[31]   0.002173   4.705e-05    0.002387   0.0001674  DFFX1
shift_register_sm0/out_reg[12]    0.00214   6.897e-05    0.002376   0.0001674  DFFX1
shift_register_sm0/out_reg[24]   0.002172   3.409e-05    0.002374   0.0001674  DFFX1
shift_register_sm0/out_reg[15]   0.002137   5.541e-05     0.00236   0.0001674  DFFX1
shift_register_sm0/out_reg[10]   0.002137   5.242e-05    0.002357   0.0001674  DFFX1
shift_register_sm0/out_reg[9]   0.002136    4.59e-05     0.00235   0.0001674  DFFX1
shift_register_sm0/out_reg[8]   0.002136   4.548e-05    0.002349   0.0001674  DFFX1
shift_register_sm0/out_reg[11]   0.002136   3.966e-05    0.002343   0.0001674  DFFX1
shift_register_sm0/out_reg[14]   0.002135    3.09e-05    0.002334   0.0001674  DFFX1
mem_to_fifo_sm0/state_reg[2]    0.001355   0.0006644    0.002186   0.0001658  DFFARX1
mem_to_fifo_sm0/state_reg[1]    0.001341   0.0006475    0.002156   0.0001681  DFFARX1
mem_to_fifo_sm0/state_reg[0]    0.001174   0.0005906    0.001941   0.0001762  DFFASX1
shift_register_sm0/U146          0.00156   0.0002104    0.001843   7.229e-05  MUX21X1
shift_register_sm0/load_sr_reg   0.001317   0.0002508    0.001747   0.0001797  DFFSSRX1
shift_register_sm0/U145         0.001319   0.0001201    0.001512   7.317e-05  MUX21X1
mem_to_fifo_sm0/fifo_wr_reg     0.001205    5.86e-05    0.001425   0.0001615  DFFARX1
U146                            0.001006   0.0003006    0.001369    6.25e-05  AO22X1
mem_to_fifo_sm0/ROM_addr_reg[0]   0.001112           0    0.001287   0.0001751  DFFX1
mem_to_fifo_sm0/ROM_addr_reg[1]   0.001109           0    0.001285   0.0001751  DFFX1
shift_register_sm0/U139         0.001017   0.0001612    0.001261   8.261e-05  XOR2X1
shift_register_sm0/U141         0.001021   0.0001475    0.001237   6.931e-05  MUX21X1
U225                            0.001076   8.825e-05    0.001228   6.345e-05  AO22X1
U253                           0.0008886   0.0002582     0.00121   6.304e-05  AO22X1
shift_register_sm0/U143         0.000975   0.0001334     0.00118   7.144e-05  MUX21X1
U220                            0.001007   8.534e-05    0.001155   6.185e-05  AO22X1
U223                           0.0008634   0.0002219     0.00115   6.485e-05  AND4X1
U42                            0.0002741   0.0007396    0.001031   1.711e-05  NOR2X0
U213                           0.0007892   0.0001496   0.0009993   6.051e-05  AO22X1
U79                            0.0002368    0.000724   0.0009842   2.342e-05  INVX0
U87                            0.0006042   0.0003064   0.0009778    6.71e-05  AND3X1
shift_register_sm0/U142        0.0007866   9.376e-05   0.0009522   7.188e-05  MUX21X1
U198                           0.0007916    8.45e-05   0.0009393   6.315e-05  AO22X1
U254                           0.0007831   7.934e-05   0.0009287   6.632e-05  AO22X1
U148                           0.0007643   7.887e-05   0.0008867   4.354e-05  OR3X1
U263                           0.0007305   8.959e-05   0.0008842   6.407e-05  AO22X1
U271                           0.0002983   0.0005149   0.0008252   1.197e-05  INVX0
U240                           0.0005764   0.0001693   0.0008149   6.916e-05  AO22X1
U265                           0.0006407   0.0001014   0.0008073   6.524e-05  AO22X1
U217                           0.0006761   5.555e-05   0.0007964    6.47e-05  AO22X1
U100                           0.0003681   0.0004014   0.0007937   2.423e-05  NOR2X0
U270                           0.0006204   9.488e-05   0.0007617   4.635e-05  OA21X1
shift_register_sm0/U144        0.0006449   7.113e-05   0.0007579   4.189e-05  OR2X1
U91                            0.0006381   5.137e-05   0.0007529   6.343e-05  AO22X1
U256                           0.0005432   0.0001376   0.0007328   5.207e-05  OA21X1
U257                           0.0005458   0.0001022   0.0006991   5.105e-05  AO22X1
shift_register_sm0/U140        0.0005388    0.000117   0.0006976   4.176e-05  OR2X1
U101                           0.0003562   0.0003033   0.0006848   2.528e-05  NOR2X0
U219                           0.0005492   7.058e-05   0.0006597   3.993e-05  OR2X1
U243                           0.0005378   6.084e-05   0.0006503   5.166e-05  AO22X1
U103                           0.0003296   0.0002835   0.0006395   2.642e-05  NOR2X0
U72                            0.0002785   0.0002262   0.0006159   0.0001112  NAND3X0
U237                           0.0002343   0.0003456   0.0006102   3.024e-05  NAND2X0
U96                            0.0004301   0.0001637   0.0006092    1.54e-05  INVX0
U226                           0.0003437   0.0001335   0.0006075   0.0001304  NAND4X0
U258                           0.0001861   0.0003965   0.0006064   2.384e-05  NAND2X0
U118                           0.0004789    5.21e-05   0.0006002    6.92e-05  AO222X1
U140                           0.0004719   5.637e-05   0.0005975    6.92e-05  AO222X1
U124                           0.0004807   4.673e-05   0.0005967    6.92e-05  AO222X1
U95                            0.0002707   0.0003037    0.000596   2.166e-05  NOR2X0
U127                           0.0004789   4.483e-05   0.0005929    6.92e-05  AO222X1
U74                             0.000439   0.0001015   0.0005923   5.175e-05  AND2X1
U137                            0.000477   4.562e-05   0.0005918    6.92e-05  AO222X1
U115                           0.0004677   5.057e-05   0.0005902   7.193e-05  AO222X1
U120                           0.0004679   4.836e-05   0.0005855    6.92e-05  AO222X1
U125                           0.0004781   3.476e-05    0.000582    6.92e-05  AO222X1
U142                           0.0004659   4.067e-05   0.0005758    6.92e-05  AO222X1
U144                           0.0004732   3.241e-05   0.0005748    6.92e-05  AO222X1
U119                           0.0004733   3.213e-05   0.0005746    6.92e-05  AO222X1
U138                           0.0004718   3.239e-05   0.0005734    6.92e-05  AO222X1
U133                           0.0004707   3.053e-05   0.0005705    6.92e-05  AO222X1
U136                           0.0004712   2.926e-05   0.0005697    6.92e-05  AO222X1
U145                           0.0004654   3.508e-05   0.0005697    6.92e-05  AO222X1
U141                           0.0004636   3.586e-05   0.0005687    6.92e-05  AO222X1
U135                           0.0004638   3.499e-05   0.0005679    6.92e-05  AO222X1
U132                           0.0004668   3.177e-05   0.0005678    6.92e-05  AO222X1
U117                           0.0004681    2.97e-05    0.000567    6.92e-05  AO222X1
U129                           0.0004609   3.641e-05   0.0005665    6.92e-05  AO222X1
U131                           0.0004554    4.08e-05   0.0005654    6.92e-05  AO222X1
U139                           0.0004729   2.305e-05   0.0005652    6.92e-05  AO222X1
U128                           0.0004613   3.451e-05    0.000565    6.92e-05  AO222X1
U123                           0.0004715   2.335e-05   0.0005641    6.92e-05  AO222X1
U126                           0.0004717   2.046e-05   0.0005613    6.92e-05  AO222X1
U143                           0.0004632   2.777e-05   0.0005602    6.92e-05  AO222X1
U134                           0.0004644   2.557e-05   0.0005592    6.92e-05  AO222X1
U130                           0.0004553   3.298e-05   0.0005575    6.92e-05  AO222X1
U122                           0.0004623   2.465e-05   0.0005561   6.917e-05  AO222X1
U212                            0.000415    3.32e-05    0.000556   0.0001078  OAI221X1
U121                           0.0004629    2.31e-05   0.0005552    6.92e-05  AO222X1
U77                            0.0002539    0.000276   0.0005515   2.152e-05  INVX0
U83                            0.0003109   0.0001791   0.0005495   5.956e-05  NAND3X0
U242                            0.000427   6.944e-05   0.0005431   4.663e-05  AO21X1
U116                            0.000447   2.189e-05   0.0005381   6.916e-05  AO222X1
U64                            0.0002973   0.0002121   0.0005296    2.02e-05  INVX0
U238                           0.0002855   0.0001938   0.0005215   4.225e-05  NAND3X0
U68                            0.0001158   0.0003913   0.0005108   3.616e-06  NAND2X0
U110                           0.0002602   0.0002298   0.0005066   1.666e-05  NOR2X0
U229                           0.0001969   0.0002666   0.0004979   3.447e-05  NAND3X0
U93                             0.000234   0.0002417   0.0004932   1.744e-05  NAND2X0
U278                            0.000217   0.0002153   0.0004847   5.234e-05  NAND3X0
U81                            0.0003236   9.975e-05   0.0004804   5.704e-05  AND2X1
U269                           0.0002807   9.377e-05   0.0004786   0.0001041  NAND4X0
U230                           0.0002313   0.0001952   0.0004717   4.514e-05  NAND3X0
U147                            0.000273   7.344e-05   0.0004683   0.0001219  NAND4X0
U104                           0.0003254   8.102e-05   0.0004607   5.424e-05  AND3X1
U273                           0.0003969   2.291e-05   0.0004602   4.036e-05  OR2X1
U84                            0.0002538    0.000181   0.0004522   1.743e-05  INVX0
U247                           0.0003483   2.954e-05   0.0004473   6.948e-05  AO22X1
U97                            0.0002436   0.0001172   0.0004468   8.602e-05  NAND4X0
U245                           0.0003487   2.731e-05   0.0004455   6.948e-05  AO22X1
U283                           0.0001669   0.0002617    0.000444    1.54e-05  INVX0
U248                           0.0003464   2.311e-05    0.000439   6.948e-05  AO22X1
U246                           0.0003463   2.239e-05   0.0004382   6.948e-05  AO22X1
U250                           0.0003463   2.165e-05   0.0004374   6.948e-05  AO22X1
U106                           0.0003143   6.481e-05   0.0004327   5.358e-05  AND3X1
U252                           0.0003433   1.825e-05   0.0004311   6.948e-05  AO22X1
U251                            0.000343   1.814e-05   0.0004306   6.948e-05  AO22X1
U249                           0.0003429   1.748e-05   0.0004298   6.948e-05  AO22X1
U113                           0.0001725   0.0002303   0.0004286    2.58e-05  NAND3X0
U88                            0.0001678    0.000247   0.0004278   1.294e-05  NOR2X0
U260                            0.000325   3.771e-05   0.0004258   6.309e-05  AO22X1
U221                           0.0002164    0.000162   0.0004166   3.828e-05  NAND2X0
U202                           0.0003203   2.647e-05   0.0004162   6.947e-05  AO22X1
U75                            0.0002186   0.0001771    0.000414   1.827e-05  INVX0
U94                            0.0002493   6.471e-05     0.00041     9.6e-05  NAND3X0
U73                            0.0002266   0.0001164    0.000408     6.5e-05  AND3X1
U208                           0.0003147   2.359e-05   0.0004077   6.947e-05  AO22X1
U204                           0.0003161   2.121e-05   0.0004068   6.947e-05  AO22X1
U201                           0.0003149   2.096e-05   0.0004053   6.947e-05  AO22X1
U206                           0.0003151   2.043e-05    0.000405   6.947e-05  AO22X1
U207                           0.0003149   1.953e-05   0.0004039   6.947e-05  AO22X1
U184                            0.000304   2.693e-05   0.0004003   6.945e-05  AO22X1
U203                           0.0003131   1.753e-05   0.0004001   6.947e-05  AO22X1
U61                            0.0002396   0.0001505      0.0004   9.874e-06  INVX0
U205                           0.0003115   1.542e-05   0.0003964   6.947e-05  AO22X1
U183                              0.0003   2.557e-05   0.0003951   6.945e-05  AO22X1
U165                            0.000286   4.246e-05    0.000394   6.547e-05  AO22X1
U214                           0.0002029   5.149e-05   0.0003922   0.0001378  NAND4X0
U185                           0.0003009   2.145e-05   0.0003918   6.945e-05  AO22X1
U197                           0.0002996   2.658e-05   0.0003916   6.547e-05  AO22X1
U200                           0.0002283   7.964e-05    0.000391   8.304e-05  NAND4X0
U158                           0.0002864   3.842e-05   0.0003903   6.547e-05  AO22X1
U196                           0.0002986   2.438e-05   0.0003885   6.547e-05  AO22X1
U194                            0.000298   2.501e-05   0.0003885   6.547e-05  AO22X1
U161                           0.0002868   3.574e-05   0.0003881   6.547e-05  AO22X1
U188                           0.0002988   1.915e-05   0.0003874   6.945e-05  AO22X1
U174                           0.0002832   3.723e-05   0.0003859   6.546e-05  AO22X1
U186                           0.0002977   1.853e-05   0.0003857   6.945e-05  AO22X1
U191                           0.0002971   2.251e-05   0.0003851   6.547e-05  AO22X1
U151                           0.0002805   3.874e-05   0.0003847   6.549e-05  AO22X1
U190                           0.0002955   2.268e-05   0.0003836   6.547e-05  AO22X1
U187                           0.0002973   1.624e-05    0.000383   6.945e-05  AO22X1
U193                           0.0002947   2.259e-05   0.0003828   6.547e-05  AO22X1
U189                           0.0002967   1.615e-05   0.0003823   6.945e-05  AO22X1
U102                           0.0001671   0.0001943   0.0003819   2.053e-05  NAND2X0
U259                           0.0002728   4.382e-05   0.0003816   6.495e-05  AO22X1
U182                           0.0002963   1.501e-05   0.0003807   6.945e-05  AO22X1
U154                           0.0002774   3.714e-05     0.00038   6.549e-05  AO22X1
U195                           0.0002932   1.987e-05   0.0003785   6.547e-05  AO22X1
U162                            0.000282   3.014e-05   0.0003777   6.547e-05  AO22X1
U224                            0.000287   2.813e-05   0.0003776   6.245e-05  AO22X1
U163                           0.0002796   3.245e-05   0.0003775   6.547e-05  AO22X1
U160                           0.0002816   3.023e-05   0.0003773   6.547e-05  AO22X1
U82                            9.717e-05   0.0002646   0.0003772   1.547e-05  INVX0
U169                           0.0002663   4.272e-05   0.0003745    6.55e-05  AO22X1
U192                           0.0002916   1.742e-05   0.0003745   6.547e-05  AO22X1
U232                           0.0001585   0.0001944   0.0003731   2.023e-05  NAND2X0
U152                           0.0002747   3.213e-05   0.0003723   6.549e-05  AO22X1
U173                           0.0002655   4.026e-05   0.0003713    6.55e-05  AO22X1
U159                           0.0002756   2.923e-05   0.0003703   6.547e-05  AO22X1
U150                           0.0002721    3.24e-05     0.00037   6.549e-05  AO22X1
U155                           0.0002706   3.184e-05   0.0003679   6.549e-05  AO22X1
U181                           0.0002735   2.853e-05   0.0003675   6.546e-05  AO22X1
U164                           0.0002721   2.537e-05    0.000363   6.547e-05  AO22X1
U85                            0.0002039   0.0001348   0.0003617   2.297e-05  INVX0
U180                            0.000269   2.497e-05   0.0003595   6.546e-05  AO22X1
U177                           0.0002703   2.179e-05   0.0003576   6.546e-05  AO22X1
U157                           0.0002698   2.177e-05    0.000357   6.549e-05  AO22X1
U218                            0.000196   5.494e-05   0.0003565   0.0001056  NAND3X0
U175                           0.0002677   2.323e-05   0.0003564   6.546e-05  AO22X1
U176                           0.0002678   2.235e-05   0.0003556   6.546e-05  AO22X1
U216                            0.000201   0.0001393   0.0003531    1.28e-05  NOR3X0
U179                           0.0002675   1.992e-05   0.0003528   6.546e-05  AO22X1
U153                           0.0002649   2.111e-05   0.0003515   6.549e-05  AO22X1
U178                            0.000266   1.936e-05   0.0003508   6.546e-05  AO22X1
U156                           0.0002638   1.926e-05   0.0003486   6.549e-05  AO22X1
U264                           0.0001893   0.0001191   0.0003429   3.454e-05  NAND2X0
U172                            0.000255   2.212e-05   0.0003426    6.55e-05  AO22X1
U170                            0.000256   2.071e-05   0.0003422    6.55e-05  AO22X1
U171                           0.0002528   2.064e-05   0.0003389    6.55e-05  AO22X1
U166                            0.000253   2.037e-05   0.0003389    6.55e-05  AO22X1
U167                           0.0002546   1.783e-05    0.000338    6.55e-05  AO22X1
U168                           0.0002492   1.821e-05    0.000333    6.55e-05  AO22X1
U227                           0.0001664   0.0001413   0.0003314   2.372e-05  NAND2X0
U228                             0.00022   4.099e-05   0.0003267   6.569e-05  AND3X1
U62                            0.0001651   0.0001516   0.0003243   7.607e-06  INVX0
U209                           0.0002205   3.964e-05   0.0003198   5.967e-05  AO22X1
U276                           0.0001751   9.316e-05   0.0003163   4.806e-05  NAND3X0
U231                           0.0001367   0.0001519   0.0003155   2.681e-05  NAND3X0
U222                           0.0002389   5.469e-05    0.000313   1.933e-05  NOR2X0
U282                           0.0001629   0.0001345   0.0003128    1.54e-05  INVX0
U107                           0.0001402   0.0001442   0.0003123   2.797e-05  NAND3X0
U280                           0.0001462   0.0001356   0.0003111   2.931e-05  NAND3X0
U234                           0.0001724   4.464e-05   0.0003087   9.164e-05  NAND3X0
U277                           0.0001378    0.000137   0.0003029   2.804e-05  NAND3X0
U92                            0.0002267   4.876e-05   0.0002974   2.198e-05  INVX0
U71                            0.0001102     0.00014    0.000293   4.284e-05  NAND2X0
U44                            0.0001159   0.0001451   0.0002877   2.665e-05  INVX0
U99                            0.0002267   2.108e-05   0.0002846   3.681e-05  OR2X1
U114                           0.0001539   0.0001067   0.0002817   2.112e-05  NAND3X0
U112                           0.0002076   2.634e-05   0.0002791   4.517e-05  OR3X1
U90                            0.0001132   0.0001217   0.0002766   4.176e-05  NAND2X0
U80                            0.0001419    0.000109   0.0002763   2.542e-05  INVX0
U281                           0.0001246   0.0001241    0.000276   2.727e-05  NAND3X0
U239                            0.000152   9.228e-05   0.0002749   3.068e-05  NAND2X0
U274                           0.0001765   2.801e-05   0.0002728   6.836e-05  NAND4X0
myspare__spr_1/spr_gate3               0           0   0.0002653   0.0002653  FADDX1
U266                           0.0001353   8.553e-05   0.0002594   3.862e-05  NAND2X0
U199                           0.0001658   7.954e-05   0.0002532   7.795e-06  INVX0
U45                            0.0001091   0.0001165   0.0002522   2.665e-05  INVX0
U236                           0.0001936   3.316e-05    0.000248    2.12e-05  NOR2X0
U267                           0.0001396   7.319e-05   0.0002344   2.162e-05  NAND2X0
U255                           0.0001594   5.768e-05   0.0002343   1.721e-05  INVX0
U215                           0.0001607   3.864e-05   0.0002256   2.628e-05  NAND3X0
myspare__spr_1/spr_gate4               0           0   0.0002227   0.0002227  INVX4
U268                           0.0001307   6.494e-05   0.0002144   1.874e-05  NAND2X0
U244                           0.0001081   5.456e-05   0.0002029    4.03e-05  NAND2X0
myspare__spr_1/spr_gate2               0           0   0.0001923   0.0001923  DFFARX1
U105                           9.975e-05   7.296e-05   0.0001881   1.538e-05  NAND3X0
U89                            0.0001134   4.775e-05   0.0001848   2.363e-05  INVX0
U16                            9.987e-05   5.747e-05    0.000184   2.665e-05  INVX0
U3                             0.0001151   6.616e-06   0.0001779   5.612e-05  AND2X1
U76                            0.0001002   6.183e-05   0.0001773   1.526e-05  NAND2X0
U279                           8.765e-05   6.626e-05   0.0001771   2.321e-05  NAND3X0
U98                            0.0001002   5.113e-05    0.000173   2.162e-05  NAND2X0
U78                            9.138e-05   7.504e-05   0.0001715   5.096e-06  INVX0
U56                            5.558e-05   8.445e-05   0.0001665   2.647e-05  INVX0
U5                             0.0001031   3.094e-05   0.0001607   2.665e-05  INVX0
U70                            5.772e-05   9.293e-05   0.0001579   7.221e-06  NAND2X0
U67                            9.156e-05   3.708e-05   0.0001528   2.413e-05  INVX0
U111                           8.969e-05   4.244e-05   0.0001494   1.729e-05  NAND4X0
U275                              0.0001    2.73e-05   0.0001493   2.198e-05  NAND3X0
U66                            4.255e-05   0.0001006   0.0001488   5.651e-06  NAND2X0
U60                            6.727e-05   5.099e-05   0.0001445   2.629e-05  INVX0
U108                           4.925e-05   4.696e-05   0.0001427   4.653e-05  NAND2X0
U272                           5.742e-05   3.799e-05   0.0001388   4.338e-05  NAND2X0
U241                           7.966e-05   3.361e-05    0.000138   2.469e-05  INVX0
U41                             4.29e-05   6.429e-05   0.0001338   2.665e-05  INVX0
U235                           7.053e-05   4.126e-05   0.0001281   1.629e-05  NAND2X0
U109                           8.655e-05   2.089e-05   0.0001269   1.941e-05  NAND3X0
U149                           6.541e-05    4.43e-05   0.0001178   8.096e-06  NOR2X0
U63                            3.289e-05   7.747e-05   0.0001163   5.928e-06  NAND2X0
U69                            3.547e-05   6.813e-05   0.0001113    7.73e-06  NAND3X0
U58                            2.912e-05   4.926e-05   0.0001051   2.675e-05  INVX0
U86                            5.036e-05    1.97e-05    9.57e-05   2.564e-05  INVX0
U233                           4.989e-05   2.951e-05   9.083e-05   1.143e-05  NAND3X0
U57                            2.378e-05   3.482e-05   8.538e-05   2.678e-05  INVX0
U262                           3.293e-05   2.799e-05    7.92e-05   1.827e-05  NAND2X0
U261                           4.135e-05   1.621e-05   7.887e-05   2.131e-05  INVX0
U65                            1.923e-05   4.834e-05   7.342e-05   5.848e-06  NAND2X0
U210                           2.958e-05   1.084e-05   6.688e-05   2.646e-05  INVX0
U211                           2.226e-05   2.355e-05   5.019e-05   4.382e-06  NAND2X0
FILLER_174                             0           0   1.862e-08   1.862e-08  DCAP
FILLER_172                             0           0   1.862e-08   1.862e-08  DCAP
FILLER_170                             0           0   1.862e-08   1.862e-08  DCAP
FILLER_161                             0           0   1.862e-08   1.862e-08  DCAP
FILLER_160                             0           0   1.862e-08   1.862e-08  DCAP
FILLER_157                             0           0   1.862e-08   1.862e-08  DCAP
FILLER_149                             0           0   1.862e-08   1.862e-08  DCAP
FILLER_147                             0           0   1.862e-08   1.862e-08  DCAP
FILLER_145                             0           0   1.862e-08   1.862e-08  DCAP
FILLER_140                             0           0   1.862e-08   1.862e-08  DCAP
FILLER_139                             0           0   1.862e-08   1.862e-08  DCAP
FILLER_127                             0           0   1.862e-08   1.862e-08  DCAP
FILLER_126                             0           0   1.862e-08   1.862e-08  DCAP
FILLER_125                             0           0   1.862e-08   1.862e-08  DCAP
FILLER_123                             0           0   1.862e-08   1.862e-08  DCAP
FILLER_120                             0           0   1.862e-08   1.862e-08  DCAP
FILLER_196                             0           0   1.862e-08   1.862e-08  DCAP
FILLER_197                             0           0   1.862e-08   1.862e-08  DCAP
FILLER_198                             0           0   1.862e-08   1.862e-08  DCAP
FILLER_204                             0           0   1.862e-08   1.862e-08  DCAP
FILLER_205                             0           0   1.862e-08   1.862e-08  DCAP
FILLER_206                             0           0   1.862e-08   1.862e-08  DCAP
FILLER_207                             0           0   1.862e-08   1.862e-08  DCAP
FILLER_209                             0           0   1.862e-08   1.862e-08  DCAP
FILLER_210                             0           0   1.862e-08   1.862e-08  DCAP
FILLER_211                             0           0   1.862e-08   1.862e-08  DCAP
FILLER_212                             0           0   1.862e-08   1.862e-08  DCAP
FILLER_213                             0           0   1.862e-08   1.862e-08  DCAP
FILLER_214                             0           0   1.862e-08   1.862e-08  DCAP
FILLER_215                             0           0   1.862e-08   1.862e-08  DCAP
FILLER_217                             0           0   1.862e-08   1.862e-08  DCAP
FILLER_218                             0           0   1.862e-08   1.862e-08  DCAP
FILLER_14                              0           0   1.862e-08   1.862e-08  DCAP
FILLER_22                              0           0   1.862e-08   1.862e-08  DCAP
FILLER_23                              0           0   1.862e-08   1.862e-08  DCAP
FILLER_24                              0           0   1.862e-08   1.862e-08  DCAP
FILLER_29                              0           0   1.862e-08   1.862e-08  DCAP
FILLER_30                              0           0   1.862e-08   1.862e-08  DCAP
FILLER_31                              0           0   1.862e-08   1.862e-08  DCAP
FILLER_34                              0           0   1.862e-08   1.862e-08  DCAP
FILLER_37                              0           0   1.862e-08   1.862e-08  DCAP
FILLER_40                              0           0   1.862e-08   1.862e-08  DCAP
FILLER_41                              0           0   1.862e-08   1.862e-08  DCAP
FILLER_44                              0           0   1.862e-08   1.862e-08  DCAP
FILLER_47                              0           0   1.862e-08   1.862e-08  DCAP
FILLER_48                              0           0   1.862e-08   1.862e-08  DCAP
FILLER_53                              0           0   1.862e-08   1.862e-08  DCAP
FILLER_57                              0           0   1.862e-08   1.862e-08  DCAP
FILLER_59                              0           0   1.862e-08   1.862e-08  DCAP
FILLER_63                              0           0   1.862e-08   1.862e-08  DCAP
FILLER_64                              0           0   1.862e-08   1.862e-08  DCAP
FILLER_68                              0           0   1.862e-08   1.862e-08  DCAP
FILLER_76                              0           0   1.862e-08   1.862e-08  DCAP
FILLER_82                              0           0   1.862e-08   1.862e-08  DCAP
FILLER_84                              0           0   1.862e-08   1.862e-08  DCAP
FILLER_93                              0           0   1.862e-08   1.862e-08  DCAP
FILLER_94                              0           0   1.862e-08   1.862e-08  DCAP
FILLER_95                              0           0   1.862e-08   1.862e-08  DCAP
FILLER_96                              0           0   1.862e-08   1.862e-08  DCAP
FILLER_98                              0           0   1.862e-08   1.862e-08  DCAP
FILLER_99                              0           0   1.862e-08   1.862e-08  DCAP
FILLER_113                             0           0   1.862e-08   1.862e-08  DCAP
FILLER_117                             0           0   1.862e-08   1.862e-08  DCAP
FILLER_119                             0           0   1.862e-08   1.862e-08  DCAP

---------------------------------------------------------------------------------------

Total (    426 of    426  )       0.3419     0.04012      0.416     0.03392
Total Capacitance                2.848e-12 F
Power Density                   *** No Die Area ***
